Using pre-set license
Built from '2020.3/staging' branch; Version is '2020.3.10f1 (297d780c91bc) revision 2719096'; Using compiler version '192528614'; Build Type 'Release'
OS: 'Windows 10 Home; OS build 19042.985; Version 2009; 64bit' Language: 'en' Physical Memory: 16322 MB
BatchMode: 1, IsHumanControllingUs: 0, StartBugReporterOnCrash: 0, Is64bit: 1, IsPro: 0

 COMMAND LINE ARGUMENTS:
E:\Program Files\Unity\Editor\2020.3.10f1\Editor\Unity.exe
-adb2
-batchMode
-noUpm
-name
AssetImportWorker0
-projectPath
G:/Projects/Unity/Wander-Behavior/Wander-Behavior-Unity
-logFile
Logs/AssetImportWorker0.log
-srvPort
54417
Successfully changed project path to: G:/Projects/Unity/Wander-Behavior/Wander-Behavior-Unity
G:/Projects/Unity/Wander-Behavior/Wander-Behavior-Unity
Using Asset Import Pipeline V2.
Refreshing native plugins compatible for Editor in 29.10 ms, found 2 plugins.
Preloading 0 native plugins for Editor in 0.00 ms.
Initialize engine version: 2020.3.10f1 (297d780c91bc)
[Subsystems] Discovering subsystems at path E:/Program Files/Unity/Editor/2020.3.10f1/Editor/Data/Resources/UnitySubsystems
[Subsystems] Discovering subsystems at path G:/Projects/Unity/Wander-Behavior/Wander-Behavior-Unity/Assets
GfxDevice: creating device client; threaded=0
Direct3D:
    Version:  Direct3D 11.0 [level 11.1]
    Renderer: NVIDIA GeForce GTX 1070 (ID=0x1b81)
    Vendor:   
    VRAM:     8088 MB
    Driver:   27.21.14.6192
Initialize mono
Mono path[0] = 'E:/Program Files/Unity/Editor/2020.3.10f1/Editor/Data/Managed'
Mono path[1] = 'E:/Program Files/Unity/Editor/2020.3.10f1/Editor/Data/MonoBleedingEdge/lib/mono/unityjit'
Mono config path = 'E:/Program Files/Unity/Editor/2020.3.10f1/Editor/Data/MonoBleedingEdge/etc'
Using monoOptions --debugger-agent=transport=dt_socket,embedding=1,server=y,suspend=n,address=127.0.0.1:56148
Begin MonoManager ReloadAssembly
Registering precompiled unity dll's ...
Register platform support module: E:/Program Files/Unity/Editor/2020.3.10f1/Editor/Data/PlaybackEngines/WindowsStandaloneSupport/UnityEditor.WindowsStandalone.Extensions.dll
Registered in 0.001065 seconds.
Native extension for WindowsStandalone target not found
Refreshing native plugins compatible for Editor in 25.45 ms, found 2 plugins.
Preloading 0 native plugins for Editor in 0.00 ms.
Mono: successfully reloaded assembly
- Completed reload, in  0.912 seconds
Platform modules already initialized, skipping
Registering precompiled user dll's ...
Registered in 0.002355 seconds.
Begin MonoManager ReloadAssembly
Native extension for WindowsStandalone target not found
Refreshing native plugins compatible for Editor in 0.30 ms, found 2 plugins.
Preloading 0 native plugins for Editor in 0.00 ms.
Mono: successfully reloaded assembly
- Completed reload, in  0.944 seconds
Platform modules already initialized, skipping
========================================================================
Worker process is ready to serve import requests
Launched and connected shader compiler UnityShaderCompiler.exe after 0.05 seconds
Refreshing native plugins compatible for Editor in 0.52 ms, found 2 plugins.
Preloading 0 native plugins for Editor in 0.00 ms.
Unloading 1386 Unused Serialized files (Serialized files now loaded: 0)
System memory in use before: 64.6 MB.
System memory in use after: 64.7 MB.

Unloading 19 unused Assets to reduce memory usage. Loaded Objects now: 1819.
Total: 1.789300 ms (FindLiveObjects: 0.134000 ms CreateObjectMapping: 0.051100 ms MarkObjects: 1.486700 ms  DeleteObjects: 0.105200 ms)

========================================================================
Received Import Request.
  path: Assets
  artifactKey: Guid(00000000000000001000000000000000) Importer(815301076,1909f56bfc062723c751e8b465ee728b)
Start importing Assets using Guid(00000000000000001000000000000000) Importer(815301076,1909f56bfc062723c751e8b465ee728b)  -> (artifact id: '42d402b061de3733987d63b9cc3b64de') in 0.008329 seconds
  Import took 0.010730 seconds .

========================================================================
Received Import Request.
  Time since last request: 4.510020 seconds.
  path: Assets/Models
  artifactKey: Guid(1fd55b4293bf66046a63182d481f83b1) Importer(815301076,1909f56bfc062723c751e8b465ee728b)
Start importing Assets/Models using Guid(1fd55b4293bf66046a63182d481f83b1) Importer(815301076,1909f56bfc062723c751e8b465ee728b)  -> (artifact id: 'c550b7c166ec78345f6562f8e32989d4') in 0.006974 seconds
  Import took 0.009886 seconds .

========================================================================
Received Import Request.
  Time since last request: 18.551710 seconds.
  path: Assets/Models/Alligator
  artifactKey: Guid(a14a4500dda336444a93517348702627) Importer(815301076,1909f56bfc062723c751e8b465ee728b)
Start importing Assets/Models/Alligator using Guid(a14a4500dda336444a93517348702627) Importer(815301076,1909f56bfc062723c751e8b465ee728b)  -> (artifact id: '9f7d98f61abf8565d83879a8b3be77c0') in 0.008132 seconds
  Import took 0.010986 seconds .

========================================================================
Received Import Request.
  Time since last request: 10.647082 seconds.
  path: Assets/Models/Alligator/aligator.FBX
  artifactKey: Guid(bbd19cb63c2b97f4f81e98d8d6e8a641) Importer(815301076,1909f56bfc062723c751e8b465ee728b)
Start importing Assets/Models/Alligator/aligator.FBX using Guid(bbd19cb63c2b97f4f81e98d8d6e8a641) Importer(815301076,1909f56bfc062723c751e8b465ee728b)  -> (artifact id: '6d71f25e81c0694fb4e0d0d55274249f') in 0.529301 seconds
  Import took 0.532099 seconds .

========================================================================
Received Import Request.
  Time since last request: 0.000266 seconds.
  path: Assets/Models/Alligator/alligator-texture.png
  artifactKey: Guid(ccb7d51db35163d49b4892c5bfbe964f) Importer(815301076,1909f56bfc062723c751e8b465ee728b)
Start importing Assets/Models/Alligator/alligator-texture.png using Guid(ccb7d51db35163d49b4892c5bfbe964f) Importer(815301076,1909f56bfc062723c751e8b465ee728b)  -> (artifact id: 'fd9fbab98b7827fe18d382fdbe10662e') in 0.025349 seconds
  Import took 0.027504 seconds .

========================================================================
Received Import Request.
  Time since last request: 0.000201 seconds.
  path: Assets/Models/Alligator/aligator@walk.FBX
  artifactKey: Guid(a8dd137a1996e3047bb1212b1ca836db) Importer(815301076,1909f56bfc062723c751e8b465ee728b)
Start importing Assets/Models/Alligator/aligator@walk.FBX using Guid(a8dd137a1996e3047bb1212b1ca836db) Importer(815301076,1909f56bfc062723c751e8b465ee728b)  -> (artifact id: '4cf6726a7bb3655e60567f862e33411b') in 0.008795 seconds
  Import took 0.011228 seconds .

========================================================================
Received Import Request.
  Time since last request: 0.000200 seconds.
  path: Assets/Models/Alligator/alligato-eyes-texture.png
  artifactKey: Guid(29b93c10539f2b447adc9b4537132b28) Importer(815301076,1909f56bfc062723c751e8b465ee728b)
Start importing Assets/Models/Alligator/alligato-eyes-texture.png using Guid(29b93c10539f2b447adc9b4537132b28) Importer(815301076,1909f56bfc062723c751e8b465ee728b)  -> (artifact id: 'bdee8f9e40995026d3e93ef9393c29e6') in 0.010414 seconds
  Import took 0.012544 seconds .

========================================================================
Received Import Request.
  Time since last request: 0.000268 seconds.
  path: Assets/Models/Alligator/aligator@idle.FBX
  artifactKey: Guid(76ad2631cb76f564aa6123d9c6a72d46) Importer(815301076,1909f56bfc062723c751e8b465ee728b)
Start importing Assets/Models/Alligator/aligator@idle.FBX using Guid(76ad2631cb76f564aa6123d9c6a72d46) Importer(815301076,1909f56bfc062723c751e8b465ee728b)  -> (artifact id: '9a51ccd9be3d36f479576fd22d471559') in 0.027095 seconds
  Import took 0.029365 seconds .

========================================================================
Received Import Request.
  Time since last request: 12.721486 seconds.
  path: Assets/Models/Terrain
  artifactKey: Guid(52b1410c0862c9e498730a756bb1cd01) Importer(815301076,1909f56bfc062723c751e8b465ee728b)
Start importing Assets/Models/Terrain using Guid(52b1410c0862c9e498730a756bb1cd01) Importer(815301076,1909f56bfc062723c751e8b465ee728b)  -> (artifact id: '42b9896ad7fc052980bc22eb2a13925c') in 0.006668 seconds
  Import took 0.009718 seconds .

========================================================================
Received Import Request.
  Time since last request: 5.561192 seconds.
  path: Assets/Models/Terrain/aztec-base-texture.png
  artifactKey: Guid(6ad232de99dedb148813b6ab34236a78) Importer(815301076,1909f56bfc062723c751e8b465ee728b)
Start importing Assets/Models/Terrain/aztec-base-texture.png using Guid(6ad232de99dedb148813b6ab34236a78) Importer(815301076,1909f56bfc062723c751e8b465ee728b)  -> (artifact id: '3781829ad0adbb1d123ae2eca692f4ef') in 0.023914 seconds
  Import took 0.027211 seconds .

========================================================================
Received Import Request.
  Time since last request: 0.000217 seconds.
  path: Assets/Models/Terrain/aztec-base.FBX
  artifactKey: Guid(89099744badd1ff43b7578bde2acbb60) Importer(815301076,1909f56bfc062723c751e8b465ee728b)
Start importing Assets/Models/Terrain/aztec-base.FBX using Guid(89099744badd1ff43b7578bde2acbb60) Importer(815301076,1909f56bfc062723c751e8b465ee728b)  -> (artifact id: '718081034da584bb24f4efb7750e1cd5') in 0.014856 seconds
  Import took 0.017224 seconds .

========================================================================
Received Import Request.
  Time since last request: 30.018223 seconds.
  path: Assets/Models/Terrain/Materials
  artifactKey: Guid(e90818341e8aedf44a687831ffc6af3f) Importer(815301076,1909f56bfc062723c751e8b465ee728b)
Start importing Assets/Models/Terrain/Materials using Guid(e90818341e8aedf44a687831ffc6af3f) Importer(815301076,1909f56bfc062723c751e8b465ee728b)  -> (artifact id: '553e430e009236fac59a738839d3ef8d') in 0.007308 seconds
  Import took 0.011128 seconds .

========================================================================
Received Import Request.
  Time since last request: 0.000469 seconds.
  path: Assets/Models/Terrain/Materials
  artifactKey: Guid(e90818341e8aedf44a687831ffc6af3f) Importer(815301076,1909f56bfc062723c751e8b465ee728b)
Start importing Assets/Models/Terrain/Materials using Guid(e90818341e8aedf44a687831ffc6af3f) Importer(815301076,1909f56bfc062723c751e8b465ee728b)  -> (artifact id: '553e430e009236fac59a738839d3ef8d') in 0.002072 seconds
  Import took 0.005228 seconds .

========================================================================
Received Import Request.
  Time since last request: 0.093099 seconds.
  path: Assets/Models/Terrain/Materials/aztec-base-texture.mat
  artifactKey: Guid(daa07f6c7ad76564d947bf707dcd594e) Importer(815301076,1909f56bfc062723c751e8b465ee728b)
Start importing Assets/Models/Terrain/Materials/aztec-base-texture.mat using Guid(daa07f6c7ad76564d947bf707dcd594e) Importer(815301076,1909f56bfc062723c751e8b465ee728b)  -> (artifact id: 'a0102e1eb329fac84bf7f9b42cb45ed1') in 0.026197 seconds
  Import took 0.029449 seconds .

========================================================================
Received Import Request.
  Time since last request: 40.103204 seconds.
  path: Assets/Models/Terrain/Materials/aztec-base-texture.mat
  artifactKey: Guid(daa07f6c7ad76564d947bf707dcd594e) Importer(815301076,1909f56bfc062723c751e8b465ee728b)
Start importing Assets/Models/Terrain/Materials/aztec-base-texture.mat using Guid(daa07f6c7ad76564d947bf707dcd594e) Importer(815301076,1909f56bfc062723c751e8b465ee728b)  -> (artifact id: '9aa5a730feb27512f5ca39cae2553e62') in 0.016325 seconds
  Import took 0.019097 seconds .

========================================================================
Received Import Request.
  Time since last request: 52.429627 seconds.
  path: Assets/Models/Alligator/Materials
  artifactKey: Guid(217b0780505cf0c4d8983ee53093d9a8) Importer(815301076,1909f56bfc062723c751e8b465ee728b)
Start importing Assets/Models/Alligator/Materials using Guid(217b0780505cf0c4d8983ee53093d9a8) Importer(815301076,1909f56bfc062723c751e8b465ee728b)  -> (artifact id: '88a44a66c6cdcf02c322f9b20b800880') in 0.002395 seconds
  Import took 0.005384 seconds .

========================================================================
Received Import Request.
  Time since last request: 0.106711 seconds.
  path: Assets/Models/Alligator/Materials/alligator-texture.mat
  artifactKey: Guid(1b833fc62c54ef14db699a7fe303c8e4) Importer(815301076,1909f56bfc062723c751e8b465ee728b)
Start importing Assets/Models/Alligator/Materials/alligator-texture.mat using Guid(1b833fc62c54ef14db699a7fe303c8e4) Importer(815301076,1909f56bfc062723c751e8b465ee728b)  -> (artifact id: '6046650d736561fe5b39c5f35bf7f927') in 0.012799 seconds
  Import took 0.015369 seconds .

========================================================================
Received Import Request.
  Time since last request: 45.921064 seconds.
  path: Assets/Models/Alligator/Materials/alligator-texture.mat
  artifactKey: Guid(1b833fc62c54ef14db699a7fe303c8e4) Importer(815301076,1909f56bfc062723c751e8b465ee728b)
Start importing Assets/Models/Alligator/Materials/alligator-texture.mat using Guid(1b833fc62c54ef14db699a7fe303c8e4) Importer(815301076,1909f56bfc062723c751e8b465ee728b)  -> (artifact id: '2a0a645a4517f2a1ae32811f266705c1') in 0.016617 seconds
  Import took 0.019752 seconds .

AssetImportWorkerClient::OnTransportError - code=2 error=End of file
